<?xml version="1.0" encoding="UTF-8"?>
<!-- Generated by org.testng.reporters.JUnitXMLReporter -->
<testsuite ignored="0" hostname="Gagan" failures="1" tests="4" name="Test" time="285.677" errors="0" timestamp="2024-07-18T14:21:23 IST">
  <testcase classname="com.qa.nimap.TestCases.AddCustomerTestCase" name="@BeforeMethod signUp" time="67.972">
    <failure type="java.util.NoSuchElementException" message="No line found">
      <![CDATA[java.util.NoSuchElementException: No line found
at java.base/java.util.Scanner.nextLine(Scanner.java:1651)
at com.qa.nimap.BaseClass.BaseClass.login(BaseClass.java:46)
at com.qa.nimap.TestCases.AddCustomerTestCase.signUp(AddCustomerTestCase.java:21)
at java.base/java.util.ArrayList.forEach(ArrayList.java:1511)
... Removed 31 stack frames]]>
    </failure>
  </testcase> <!-- @BeforeMethod signUp -->
  <testcase classname="com.qa.nimap.TestCases.AddCustomerTestCase" name="@AfterMethod tearDown" time="-1.721292562606E9">
    <skipped/>
  </testcase> <!-- @AfterMethod tearDown -->
  <testcase classname="com.qa.nimap.TestCases.PunchInTestCase" name="@BeforeMethod setUp" time="55.889">
    <failure type="java.util.NoSuchElementException" message="No line found">
      <![CDATA[java.util.NoSuchElementException: No line found
at java.base/java.util.Scanner.nextLine(Scanner.java:1651)
at com.qa.nimap.BaseClass.BaseClass.login(BaseClass.java:46)
at com.qa.nimap.TestCases.PunchInTestCase.setUp(PunchInTestCase.java:24)
at java.base/java.util.ArrayList.forEach(ArrayList.java:1511)
... Removed 31 stack frames]]>
    </failure>
  </testcase> <!-- @BeforeMethod setUp -->
  <testcase classname="com.qa.nimap.TestCases.PunchInTestCase" name="@AfterMethod tearDown" time="-1.721292682039E9">
    <skipped/>
  </testcase> <!-- @AfterMethod tearDown -->
  <testcase classname="com.qa.nimap.TestCases.AddCustomerTestCase" name="add_customer" time="17.288"/>
  <testcase classname="com.qa.nimap.TestCases.AddCustomerTestCase" name="verifyCust" time="0.0">
    <skipped/>
  </testcase> <!-- verifyCust -->
  <testcase classname="com.qa.nimap.TestCases.LoginTest" name="loginNimap" time="10.502">
    <failure type="java.util.NoSuchElementException" message="No line found">
      <![CDATA[java.util.NoSuchElementException: No line found
at java.base/java.util.Scanner.nextLine(Scanner.java:1651)
at com.qa.nimap.BaseClass.BaseClass.login(BaseClass.java:46)
at com.qa.nimap.TestCases.LoginTest.loginNimap(LoginTest.java:31)
at java.base/java.util.ArrayList.forEach(ArrayList.java:1511)
... Removed 27 stack frames]]>
    </failure>
  </testcase> <!-- loginNimap -->
  <testcase classname="com.qa.nimap.TestCases.PunchInTestCase" name="punchIn" time="0.0">
    <skipped/>
  </testcase> <!-- punchIn -->
</testsuite> <!-- Test -->
